{"numFailedTestSuites":0,"numFailedTests":0,"numPassedTestSuites":1,"numPassedTests":17,"numPendingTestSuites":0,"numPendingTests":0,"numRuntimeErrorTestSuites":0,"numTodoTests":0,"numTotalTestSuites":1,"numTotalTests":17,"openHandles":[],"snapshot":{"added":0,"didUpdate":false,"failure":false,"filesAdded":0,"filesRemoved":0,"filesRemovedList":[],"filesUnmatched":0,"filesUpdated":0,"matched":0,"total":0,"unchecked":0,"uncheckedKeysByFile":[],"unmatched":0,"updated":0},"startTime":1774281259923,"success":true,"testResults":[{"assertionResults":[{"ancestorTitles":["Authentication"],"duration":3,"failing":false,"failureDetails":[],"failureMessages":[],"fullName":"Authentication POST /api/auth/login with wrong credentials returns 401","invocations":1,"location":null,"numPassingAsserts":2,"retryReasons":[],"startAt":1774281260770,"status":"passed","title":"POST /api/auth/login with wrong credentials returns 401"},{"ancestorTitles":["Authentication"],"duration":66,"failing":false,"failureDetails":[],"failureMessages":[],"fullName":"Authentication POST /api/auth/login with correct credentials returns 200 + user info","invocations":1,"location":null,"numPassingAsserts":2,"retryReasons":[],"startAt":1774281260773,"status":"passed","title":"POST /api/auth/login with correct credentials returns 200 + user info"},{"ancestorTitles":["Authentication"],"duration":2,"failing":false,"failureDetails":[],"failureMessages":[],"fullName":"Authentication GET /api/landscapes without session returns 401","invocations":1,"location":null,"numPassingAsserts":1,"retryReasons":[],"startAt":1774281260839,"status":"passed","title":"GET /api/landscapes without session returns 401"},{"ancestorTitles":["Landscapes"],"duration":1,"failing":false,"failureDetails":[],"failureMessages":[],"fullName":"Landscapes POST /api/landscapes creates a new landscape","invocations":1,"location":null,"numPassingAsserts":3,"retryReasons":[],"startAt":1774281260841,"status":"passed","title":"POST /api/landscapes creates a new landscape"},{"ancestorTitles":["Landscapes"],"duration":2,"failing":false,"failureDetails":[],"failureMessages":[],"fullName":"Landscapes GET /api/landscapes returns the created landscape","invocations":1,"location":null,"numPassingAsserts":4,"retryReasons":[],"startAt":1774281260843,"status":"passed","title":"GET /api/landscapes returns the created landscape"},{"ancestorTitles":["Landscapes"],"duration":2,"failing":false,"failureDetails":[],"failureMessages":[],"fullName":"Landscapes PUT /api/landscapes/:id updates landscape name","invocations":1,"location":null,"numPassingAsserts":3,"retryReasons":[],"startAt":1774281260845,"status":"passed","title":"PUT /api/landscapes/:id updates landscape name"},{"ancestorTitles":["SIDs"],"duration":2,"failing":false,"failureDetails":[],"failureMessages":[],"fullName":"SIDs POST /api/sids creates a SID with empty name and default DEV type","invocations":1,"location":null,"numPassingAsserts":4,"retryReasons":[],"startAt":1774281260847,"status":"passed","title":"POST /api/sids creates a SID with empty name and default DEV type"},{"ancestorTitles":["SIDs"],"duration":1,"failing":false,"failureDetails":[],"failureMessages":[],"fullName":"SIDs POST /api/sids creates a SID with PRD type","invocations":1,"location":null,"numPassingAsserts":3,"retryReasons":[],"startAt":1774281260849,"status":"passed","title":"POST /api/sids creates a SID with PRD type"},{"ancestorTitles":["SIDs"],"duration":1,"failing":false,"failureDetails":[],"failureMessages":[],"fullName":"SIDs POST /api/sids creates a SID with QAS type","invocations":1,"location":null,"numPassingAsserts":3,"retryReasons":[],"startAt":1774281260850,"status":"passed","title":"POST /api/sids creates a SID with QAS type"},{"ancestorTitles":["SIDs"],"duration":1,"failing":false,"failureDetails":[],"failureMessages":[],"fullName":"SIDs POST /api/sids without landscape_id returns 400","invocations":1,"location":null,"numPassingAsserts":1,"retryReasons":[],"startAt":1774281260851,"status":"passed","title":"POST /api/sids without landscape_id returns 400"},{"ancestorTitles":["System Type Persistence"],"duration":2,"failing":false,"failureDetails":[],"failureMessages":[],"fullName":"System Type Persistence SID with TST type is persisted and returned correctly on GET /api/landscapes","invocations":1,"location":null,"numPassingAsserts":4,"retryReasons":[],"startAt":1774281260852,"status":"passed","title":"SID with TST type is persisted and returned correctly on GET /api/landscapes"},{"ancestorTitles":["System Type Persistence"],"duration":2,"failing":false,"failureDetails":[],"failureMessages":[],"fullName":"System Type Persistence PUT /api/sids/:id can update system type from DEV to PPRD","invocations":1,"location":null,"numPassingAsserts":3,"retryReasons":[],"startAt":1774281260854,"status":"passed","title":"PUT /api/sids/:id can update system type from DEV to PPRD"},{"ancestorTitles":["System Type Persistence"],"duration":2,"failing":false,"failureDetails":[],"failureMessages":[],"fullName":"System Type Persistence PUT /api/sids/:id can update system type from PPRD to PRD","invocations":1,"location":null,"numPassingAsserts":3,"retryReasons":[],"startAt":1774281260856,"status":"passed","title":"PUT /api/sids/:id can update system type from PPRD to PRD"},{"ancestorTitles":["System Type Persistence"],"duration":1,"failing":false,"failureDetails":[],"failureMessages":[],"fullName":"System Type Persistence PUT /api/sids/:id with empty body returns 400","invocations":1,"location":null,"numPassingAsserts":1,"retryReasons":[],"startAt":1774281260858,"status":"passed","title":"PUT /api/sids/:id with empty body returns 400"},{"ancestorTitles":["Activity Types"],"duration":1,"failing":false,"failureDetails":[],"failureMessages":[],"fullName":"Activity Types GET /api/activity-types returns an array","invocations":1,"location":null,"numPassingAsserts":2,"retryReasons":[],"startAt":1774281260859,"status":"passed","title":"GET /api/activity-types returns an array"},{"ancestorTitles":["Settings"],"duration":1,"failing":false,"failureDetails":[],"failureMessages":[],"fullName":"Settings GET /api/settings returns the settings object","invocations":1,"location":null,"numPassingAsserts":2,"retryReasons":[],"startAt":1774281260860,"status":"passed","title":"GET /api/settings returns the settings object"},{"ancestorTitles":["Cleanup / Delete"],"duration":1,"failing":false,"failureDetails":[],"failureMessages":[],"fullName":"Cleanup / Delete DELETE /api/landscapes/:id removes the landscape","invocations":1,"location":null,"numPassingAsserts":3,"retryReasons":[],"startAt":1774281260861,"status":"passed","title":"DELETE /api/landscapes/:id removes the landscape"}],"endTime":1774281260863,"message":"","name":"/Users/juergen/Projekte-Antigravity/SAP-Basis-Jahresplaner/tests/api.test.js","startTime":1774281259968,"status":"passed","summary":""}],"wasInterrupted":false}
