{"numFailedTestSuites":1,"numFailedTests":0,"numPassedTestSuites":0,"numPassedTests":0,"numPendingTestSuites":0,"numPendingTests":0,"numRuntimeErrorTestSuites":1,"numTodoTests":0,"numTotalTestSuites":1,"numTotalTests":0,"openHandles":[],"snapshot":{"added":0,"didUpdate":false,"failure":false,"filesAdded":0,"filesRemoved":0,"filesRemovedList":[],"filesUnmatched":0,"filesUpdated":0,"matched":0,"total":0,"unchecked":0,"uncheckedKeysByFile":[],"unmatched":0,"updated":0},"startTime":1774280878054,"success":false,"testResults":[{"assertionResults":[],"coverage":{},"endTime":1774280878455,"message":"  \u001b[1m● \u001b[22mTest suite failed to run\n\n    \u001b[1m\u001b[31mJest encountered an unexpected token\u001b[39m\u001b[22m\n\n    Jest failed to parse a file. This happens e.g. when your code or its dependencies use non-standard JavaScript syntax, or when Jest is not configured to support such syntax.\n\n    Out of the box Jest supports Babel, which will be used to transform your files into valid JS based on your Babel configuration.\n\n    By default \"node_modules\" folder is ignored by transformers.\n\n    Here's what you can do:\n     • If you are trying to use ECMAScript Modules, see \u001b[4mhttps://jestjs.io/docs/ecmascript-modules\u001b[24m for how to enable it.\n     • If you are trying to use TypeScript, see \u001b[4mhttps://jestjs.io/docs/getting-started#using-typescript\u001b[24m\n     • To have some of your \"node_modules\" files transformed, you can specify a custom \u001b[1m\"transformIgnorePatterns\"\u001b[22m in your config.\n     • If you need a custom transformation, specify a \u001b[1m\"transform\"\u001b[22m option in your config.\n     • If you simply want to mock your non-JS modules (e.g. binary assets) you can stub them out with the \u001b[1m\"moduleNameMapper\"\u001b[22m config option.\n\n    You'll find more details and examples of these config options in the docs:\n    \u001b[36mhttps://jestjs.io/docs/configuration\u001b[39m\n    For information about custom transformations, see:\n    \u001b[36mhttps://jestjs.io/docs/code-transformation\u001b[39m\n\n    \u001b[1m\u001b[31mDetails:\u001b[39m\u001b[22m\n\n    /Users/juergen/Projekte-Antigravity/SAP-Basis-Jahresplaner/node_modules/uuid/dist-node/index.js:1\n    export { default as MAX } from './max.js';\n    ^^^^^^\n\n    SyntaxError: Unexpected token 'export'\n\n    \u001b[0m \u001b[90m 21 |\u001b[39m \u001b[36mconst\u001b[39m \u001b[33mDatabase\u001b[39m \u001b[33m=\u001b[39m require(\u001b[32m'better-sqlite3'\u001b[39m)\u001b[33m;\u001b[39m\n     \u001b[90m 22 |\u001b[39m \u001b[36mconst\u001b[39m bcrypt \u001b[33m=\u001b[39m require(\u001b[32m'bcryptjs'\u001b[39m)\u001b[33m;\u001b[39m\n    \u001b[31m\u001b[1m>\u001b[22m\u001b[39m\u001b[90m 23 |\u001b[39m \u001b[36mconst\u001b[39m { v4\u001b[33m:\u001b[39m uuidv4 } \u001b[33m=\u001b[39m require(\u001b[32m'uuid'\u001b[39m)\u001b[33m;\u001b[39m\n     \u001b[90m    |\u001b[39m                        \u001b[31m\u001b[1m^\u001b[22m\u001b[39m\n     \u001b[90m 24 |\u001b[39m \u001b[36mconst\u001b[39m cors \u001b[33m=\u001b[39m require(\u001b[32m'cors'\u001b[39m)\u001b[33m;\u001b[39m\n     \u001b[90m 25 |\u001b[39m \u001b[36mconst\u001b[39m path \u001b[33m=\u001b[39m require(\u001b[32m'path'\u001b[39m)\u001b[33m;\u001b[39m\n     \u001b[90m 26 |\u001b[39m \u001b[36mconst\u001b[39m helmet \u001b[33m=\u001b[39m require(\u001b[32m'helmet'\u001b[39m)\u001b[33m;\u001b[39m\u001b[0m\n\n      \u001b[2mat Runtime.createScriptFromCode (\u001b[22mnode_modules/jest-runtime/build/index.js\u001b[2m:1314:40)\u001b[22m\n      \u001b[2mat Object.require (\u001b[22mserver.js\u001b[2m:23:24)\u001b[22m\n      \u001b[2mat Object.require (\u001b[22m\u001b[0m\u001b[36mtests/api.test.js\u001b[39m\u001b[0m\u001b[2m:13:21)\u001b[22m\n","name":"/Users/juergen/Projekte-Antigravity/SAP-Basis-Jahresplaner/tests/api.test.js","startTime":1774280878455,"status":"failed","summary":""}],"wasInterrupted":false}
